<?xml version="1.0" encoding="UTF-8"?>
<!-- Generated by org.testng.reporters.JUnitXMLReporter -->
<testsuite hostname="TRVLHGN9NN2" ignored="0" name="Test2" tests="2" failures="0" timestamp="2021-09-21T02:33:57 IST" time="19.087" errors="0">
  <testcase name="verifyDashbBoardElementsDisplayAndLogin" time="7.017" classname="com.orangehrm.qa.testcases.DashBoardPageTest"/>
  <testcase name="verifyLogOutAction" time="1.734" classname="com.orangehrm.qa.testcases.DashBoardPageTest"/>
</testsuite> <!-- Test2 -->
