<?xml version="1.0" encoding="UTF-8"?>
<!-- Generated by org.testng.reporters.JUnitXMLReporter -->
<testsuite hostname="TRVLHGN9NN2" ignored="5" name="Test" tests="43" failures="0" timestamp="2021-09-20T08:37:29 IST" time="314.055" errors="0">
  <testcase name="verifyLoginPageTest" time="5.962" classname="com.orangehrm.qa.testcases.LoginPageTest"/>
  <testcase name="verifyDashbBoardElementsDisplayAndLogin" time="5.903" classname="com.orangehrm.qa.testcases.DashBoardPageTest"/>
  <testcase name="verifyLogOutAction" time="1.625" classname="com.orangehrm.qa.testcases.DashBoardPageTest"/>
  <testcase name="setUp" time="6.265" classname="com.orangehrm.qa.testcases.MyInfoPageTest"/>
  <testcase name="verifyEnterMyinfoTabTest" time="5.883" classname="com.orangehrm.qa.testcases.MyInfoPageTest"/>
  <testcase name="verifyEditCustomField" time="3.884" classname="com.orangehrm.qa.testcases.MyInfoPageTest"/>
  <testcase name="addAttachment" time="7.926" classname="com.orangehrm.qa.testcases.MyInfoPageTest"/>
  <testcase name="setUp" time="6.01" classname="com.orangehrm.qa.testcases.MyInfoContactDetailsPageTest"/>
  <testcase name="verifyContactDetailsPageNav" time="4.209" classname="com.orangehrm.qa.testcases.MyInfoContactDetailsPageTest"/>
  <testcase name="verifySaveContactDetailsTest" time="3.264" classname="com.orangehrm.qa.testcases.MyInfoContactDetailsPageTest"/>
  <testcase name="verifyContactAttachmentsTest" time="5.444" classname="com.orangehrm.qa.testcases.MyInfoContactDetailsPageTest"/>
  <testcase name="verifySetUp" time="6.235" classname="com.orangehrm.qa.testcases.DependentsPageTest"/>
  <testcase name="verifyEditDepAction" time="16.576" classname="com.orangehrm.qa.testcases.DependentsPageTest"/>
  <testcase name="verifyEditDepAction" time="15.526" classname="com.orangehrm.qa.testcases.DependentsPageTest"/>
  <testcase name="verifySetUp" time="6.323" classname="com.orangehrm.qa.testcases.AdminPageTest"/>
  <testcase name="verifyAdminPageAction" time="4.778" classname="com.orangehrm.qa.testcases.AdminPageTest"/>
  <testcase name="verifyAdminPageAddUser" time="3.356" classname="com.orangehrm.qa.testcases.AdminPageTest"/>
  <testcase name="verifyAdminDeleteUser" time="2.748" classname="com.orangehrm.qa.testcases.AdminPageTest"/>
  <testcase name="verifySetUp" time="9.407" classname="com.orangehrm.qa.testcases.AddUserPageTest"/>
  <testcase name="verifyaddUserActionTest" time="0.829" classname="com.orangehrm.qa.testcases.AddUserPageTest"/>
  <testcase name="verifyDelete" time="4.961" classname="com.orangehrm.qa.testcases.AddUserPageTest"/>
  <testcase name="verifySetUp" time="6.619" classname="com.orangehrm.qa.testcases.EditUserPageTest"/>
  <testcase name="userPageNavigation" time="3.544" classname="com.orangehrm.qa.testcases.EditUserPageTest"/>
  <testcase name="verifyEditUserPageTest" time="0.577" classname="com.orangehrm.qa.testcases.EditUserPageTest"/>
  <testcase name="setUp" time="9.047" classname="com.orangehrm.qa.testcases.AssignLeavePageTest"/>
  <testcase name="verifyAssignpageTest" time="2.255" classname="com.orangehrm.qa.testcases.AssignLeavePageTest"/>
  <testcase name="verifySetUp" time="6.204" classname="com.orangehrm.qa.testcases.LeaveEntitlementsPageTest"/>
  <testcase name="verifyEnterLeaveMultipleEmployees" time="2.779" classname="com.orangehrm.qa.testcases.LeaveEntitlementsPageTest"/>
  <testcase name="verifySetUp" time="5.695" classname="com.orangehrm.qa.testcases.ConfigurePIMPageTest"/>
  <testcase name="verifyConfigurePIMPageElementsTest" time="2.092" classname="com.orangehrm.qa.testcases.ConfigurePIMPageTest"/>
  <testcase name="verifyEditAllConfigurePIMPageTest" time="1.671" classname="com.orangehrm.qa.testcases.ConfigurePIMPageTest"/>
  <testcase name="verifyEditShowAndCountryOptionTest" time="1.451" classname="com.orangehrm.qa.testcases.ConfigurePIMPageTest"/>
  <testcase name="verifySetUp" time="6.271" classname="com.orangehrm.qa.testcases.PIMReportsPageTest"/>
  <testcase name="verifyAddReportTest" time="5.664" classname="com.orangehrm.qa.testcases.PIMReportsPageTest"/>
  <testcase name="verifySortReportAndEditTest" time="8.243" classname="com.orangehrm.qa.testcases.PIMReportsPageTest"/>
  <testcase name="verifyDelete" time="1.611" classname="com.orangehrm.qa.testcases.PIMReportsPageTest"/>
  <testcase name="verifySetUp" time="6.416" classname="com.orangehrm.qa.testcases.CustomFieldsPageTest"/>
  <testcase name="verifyCustomFieldPageNav" time="3.768" classname="com.orangehrm.qa.testcases.CustomFieldsPageTest"/>
  <testcase name="verifyCustomFieldAddAndCancel" time="2.351" classname="com.orangehrm.qa.testcases.CustomFieldsPageTest"/>
  <testcase name="verifyEditCustomFieldAndSave" time="6.081" classname="com.orangehrm.qa.testcases.CustomFieldsPageTest"/>
  <testcase name="verifySetUp" time="6.203" classname="com.orangehrm.qa.testcases.CsvDataImportaPageTest"/>
  <testcase name="verifyCsvDataUploadTest" time="3.205" classname="com.orangehrm.qa.testcases.CsvDataImportaPageTest"/>
  <testcase name="verifyCsvDataDownloadTest" time="1.715" classname="com.orangehrm.qa.testcases.CsvDataImportaPageTest"/>
  <testcase name="verifyEditShowDeprecatedOptionTest" time="0.0" classname="com.orangehrm.qa.testcases.ConfigurePIMPageTest">
    <ignored/>
  </testcase> <!-- verifyEditShowDeprecatedOptionTest -->
  <testcase name="verifyEditCountrySpecificOptionTest" time="0.0" classname="com.orangehrm.qa.testcases.ConfigurePIMPageTest">
    <ignored/>
  </testcase> <!-- verifyEditCountrySpecificOptionTest -->
  <testcase name="verifyEditCustomFieldAndCancel" time="0.0" classname="com.orangehrm.qa.testcases.CustomFieldsPageTest">
    <ignored/>
  </testcase> <!-- verifyEditCustomFieldAndCancel -->
  <testcase name="verifyAddDepAction" time="0.0" classname="com.orangehrm.qa.testcases.DependentsPageTest">
    <ignored/>
  </testcase> <!-- verifyAddDepAction -->
  <testcase name="verifyEnterAddLeaveDetails" time="0.0" classname="com.orangehrm.qa.testcases.LeaveEntitlementsPageTest">
    <ignored/>
  </testcase> <!-- verifyEnterAddLeaveDetails -->
</testsuite> <!-- Test -->
