<?xml version="1.0" encoding="UTF-8"?>
<!-- Generated by org.testng.reporters.JUnitXMLReporter -->
<testsuite hostname="DESKTOP-JOV9RJM" ignored="0" name="Test" tests="2" failures="2" timestamp="2022-02-14T16:35:32 IST" time="20.38" errors="0">
  <testcase name="verifyLoginPageTest" time="3.131" classname="com.orangehrm.qa.testcases.LoginPageTest">
    <failure type="java.lang.AssertionError" message="did not expect [OrangeHRM] but found [OrangeHRM]">
      <![CDATA[java.lang.AssertionError: did not expect [OrangeHRM] but found [OrangeHRM]
at com.orangehrm.qa.testcases.LoginPageTest.verifyLoginPageTest(LoginPageTest.java:20)
at java.util.ArrayList.forEach(Unknown Source)
... Removed 32 stack frames]]>
    </failure>
  </testcase> <!-- verifyLoginPageTest -->
  <testcase name="verifyLoginPageTest" time="3.154" classname="com.orangehrm.qa.testcases.LoginPageTest">
    <failure type="java.lang.NullPointerException">
      <![CDATA[java.lang.NullPointerException
at com.orangehrm.qa.listeners.ExtentReportManager.getScreenshot(ExtentReportManager.java:115)
at com.orangehrm.qa.listeners.TestListener1.onTestFailure(TestListener1.java:61)
at java.util.ArrayList.forEach(Unknown Source)
... Removed 24 stack frames]]>
    </failure>
  </testcase> <!-- verifyLoginPageTest -->
</testsuite> <!-- Test -->
