<?xml version="1.0" encoding="UTF-8"?>
<!-- Generated by org.testng.reporters.JUnitXMLReporter -->
<testsuite hostname="TRVLHGN9NN2" ignored="0" name="Test1" tests="4" failures="0" timestamp="2021-09-22T02:17:02 IST" time="25.476" errors="0">
  <testcase name="verifySetUp" time="6.477" classname="com.orangehrm.qa.testcases.AdminPageTest"/>
  <testcase name="verifyAdminPageAction" time="4.777" classname="com.orangehrm.qa.testcases.AdminPageTest"/>
  <testcase name="verifyAdminPageAddUser" time="3.544" classname="com.orangehrm.qa.testcases.AdminPageTest"/>
  <testcase name="verifyAdminDeleteUser" time="2.77" classname="com.orangehrm.qa.testcases.AdminPageTest"/>
</testsuite> <!-- Test1 -->
